<?xml version="1.0" encoding="UTF-8"?>
<testsuite xmlns:xsi="http://www.w3.org/2001/XMLSchema-instance" xsi:noNamespaceSchemaLocation="https://maven.apache.org/surefire/maven-surefire-plugin/xsd/surefire-test-report-3.0.xsd" version="3.0" name="DemoQATest" time="11.337" tests="3" errors="0" skipped="0" failures="0">
  <properties>
[...]
</properties>
  <testcase name="testeBase" classname="DemoQATest" time="7.303"/>
  <testcase name="alugarLivro" classname="DemoQATest" time="1.569">
    <system-out><![CDATA[DEBUG: Alugando para o ID: c0bd3a88-0830-4a90-bb4b-b4477438573f
]]></system-out>
  </testcase>
  <testcase name="validarDelecao" classname="DemoQATest" time="0.975"/>
</testsuite>